[debug] [2022-05-27T05:37:09.509Z] ----------------------------------------------------------------------
[debug] [2022-05-27T05:37:09.511Z] Command:       C:\Program Files\nodejs\node.exe C:\Users\Tanvir Ahamed\AppData\Roaming\npm\node_modules\firebase-tools\lib\bin\firebase.js init hosting:github
[debug] [2022-05-27T05:37:09.512Z] CLI Version:   10.9.2
[debug] [2022-05-27T05:37:09.512Z] Platform:      win32
[debug] [2022-05-27T05:37:09.512Z] Node Version:  v14.17.3
[debug] [2022-05-27T05:37:09.519Z] Time:          Fri May 27 2022 11:37:09 GMT+0600 (Bangladesh Standard Time)
[debug] [2022-05-27T05:37:09.519Z] ----------------------------------------------------------------------
[debug] 
[debug] [2022-05-27T05:37:09.523Z] >>> [apiv2][query] GET https://firebase-public.firebaseio.com/cli.json [none]
[debug] [2022-05-27T05:37:09.617Z] > command requires scopes: ["email","openid","https://www.googleapis.com/auth/cloudplatformprojects.readonly","https://www.googleapis.com/auth/firebase","https://www.googleapis.com/auth/cloud-platform"]
[debug] [2022-05-27T05:37:09.617Z] > authorizing via signed-in user (tanvira1993@gmail.com)
[info] 
     ######## #### ########  ######## ########     ###     ######  ########
     ##        ##  ##     ## ##       ##     ##  ##   ##  ##       ##
     ######    ##  ########  ######   ########  #########  ######  ######
     ##        ##  ##    ##  ##       ##     ## ##     ##       ## ##
     ##       #### ##     ## ######## ########  ##     ##  ######  ########

You're about to initialize a Firebase project in this directory:

  C:\Users\Tanvir Ahamed\Desktop\Colgis-BD-Ltd\vue-firebase-to-do-app

Before we get started, keep in mind:

  * You are initializing within an existing Firebase project directory

[debug] [2022-05-27T05:37:10.737Z] <<< [apiv2][status] GET https://firebase-public.firebaseio.com/cli.json 200
[debug] [2022-05-27T05:37:10.738Z] <<< [apiv2][body] GET https://firebase-public.firebaseio.com/cli.json {"cloudBuildErrorAfter":1594252800000,"cloudBuildWarnAfter":1590019200000,"defaultNode10After":1594252800000,"minVersion":"3.0.5","node8DeploysDisabledAfter":1613390400000,"node8RuntimeDisabledAfter":1615809600000,"node8WarnAfter":1600128000000}
[info] 
=== Project Setup
[info] 
[info] First, let's associate this project directory with a Firebase project.
[info] You can create multiple project aliases by running firebase use --add, 
[info] but for now we'll just set up a default project.
[info] 
[debug] [2022-05-27T05:37:13.422Z] Using project from CLI flag: vue-firebase-6f2e8
[debug] [2022-05-27T05:37:13.423Z] > refreshing access token with scopes: []
[debug] [2022-05-27T05:37:13.424Z] >>> HTTP REQUEST POST https://www.googleapis.com/oauth2/v3/token  
 <request body omitted>
[debug] [2022-05-27T05:37:13.666Z] <<< HTTP RESPONSE 200 {"cache-control":"no-cache, no-store, max-age=0, must-revalidate","expires":"Mon, 01 Jan 1990 00:00:00 GMT","date":"Fri, 27 May 2022 05:37:14 GMT","pragma":"no-cache","content-type":"application/json; charset=utf-8","vary":"X-Origin, Referer, Origin,Accept-Encoding","server":"scaffolding on HTTPServer2","x-xss-protection":"0","x-frame-options":"SAMEORIGIN","x-content-type-options":"nosniff","alt-svc":"h3=\":443\"; ma=2592000,h3-29=\":443\"; ma=2592000,h3-Q050=\":443\"; ma=2592000,h3-Q046=\":443\"; ma=2592000,h3-Q043=\":443\"; ma=2592000,quic=\":443\"; ma=2592000; v=\"46,43\"","accept-ranges":"none","transfer-encoding":"chunked"}
[debug] [2022-05-27T05:37:13.674Z] >>> [apiv2][query] GET https://firebase.googleapis.com/v1beta1/projects/vue-firebase-6f2e8 [none]
[debug] [2022-05-27T05:37:14.193Z] <<< [apiv2][status] GET https://firebase.googleapis.com/v1beta1/projects/vue-firebase-6f2e8 200
[debug] [2022-05-27T05:37:14.194Z] <<< [apiv2][body] GET https://firebase.googleapis.com/v1beta1/projects/vue-firebase-6f2e8 {"projectId":"vue-firebase-6f2e8","projectNumber":"1039405568601","displayName":"vue-firebase","name":"projects/vue-firebase-6f2e8","resources":{"hostingSite":"vue-firebase-6f2e8","realtimeDatabaseInstance":"vue-firebase-6f2e8-default-rtdb","storageBucket":"vue-firebase-6f2e8.appspot.com","locationId":"us-central"},"state":"ACTIVE"}
[info] i  Using project vue-firebase-6f2e8 (vue-firebase) 
[info] 
=== Hosting:github Setup
[info] 
[info] i  Detected a .git folder at C:\Users\Tanvir Ahamed\Desktop\Colgis-BD-Ltd\vue-firebase-to-do-app 
[info] i  Authorizing with GitHub to upload your service account to a GitHub repository's secrets store. 
[info] 
[info] Visit this URL on this device to log in:
[info] https://github.com/login/oauth/authorize?client_id=89cf50f02ac6aaed3484&state=716059309&redirect_uri=http%3A%2F%2Flocalhost%3A9005&scope=read%3Auser%20repo%20public_repo
[info] 
[info] Waiting for authentication...
[debug] [2022-05-27T05:37:15.019Z] >>> HTTP REQUEST POST https://github.com/login/oauth/access_token  
 {"client_id":"89cf50f02ac6aaed3484","client_secret":"3330d14abc895d9a74d5f17cd7a00711fa2c5bf0","code":"7f14ecf1c919af4d523c","redirect_uri":"http://localhost:9005","state":"716059309"}
[debug] [2022-05-27T05:37:15.521Z] <<< HTTP RESPONSE 200 {"server":"GitHub.com","date":"Fri, 27 May 2022 05:37:16 GMT","content-type":"application/json; charset=utf-8","transfer-encoding":"chunked","vary":"X-PJAX, X-PJAX-Container, Turbo-Visit, Turbo-Frame, Accept-Encoding, Accept, X-Requested-With","permissions-policy":"interest-cohort=()","etag":"W/\"10bebd1664274db6e986477f9113e33f\"","cache-control":"max-age=0, private, must-revalidate","strict-transport-security":"max-age=31536000; includeSubdomains; preload","x-frame-options":"deny","x-content-type-options":"nosniff","x-xss-protection":"0","referrer-policy":"origin-when-cross-origin, strict-origin-when-cross-origin","expect-ct":"max-age=2592000, report-uri=\"https://api.github.com/_private/browser/errors\"","content-security-policy":"default-src 'none'; base-uri 'self'; block-all-mixed-content; child-src github.com/assets-cdn/worker/ gist.github.com/assets-cdn/worker/; connect-src 'self' uploads.github.com objects-origin.githubusercontent.com www.githubstatus.com collector.github.com raw.githubusercontent.com api.github.com github-cloud.s3.amazonaws.com github-production-repository-file-5c1aeb.s3.amazonaws.com github-production-upload-manifest-file-7fdce7.s3.amazonaws.com github-production-user-asset-6210df.s3.amazonaws.com cdn.optimizely.com logx.optimizely.com/v1/events *.actions.githubusercontent.com wss://*.actions.githubusercontent.com online.visualstudio.com/api/v1/locations github-production-repository-image-32fea6.s3.amazonaws.com github-production-release-asset-2e65be.s3.amazonaws.com insights.github.com wss://alive.github.com; font-src github.githubassets.com; form-action 'self' github.com gist.github.com objects-origin.githubusercontent.com; frame-ancestors 'none'; frame-src render.githubusercontent.com viewscreen.githubusercontent.com notebooks.githubusercontent.com; img-src 'self' data: github.githubassets.com identicons.github.com github-cloud.s3.amazonaws.com secured-user-images.githubusercontent.com/ github-production-user-asset-6210df.s3.amazonaws.com *.githubusercontent.com; manifest-src 'self'; media-src github.com user-images.githubusercontent.com/; script-src github.githubassets.com; style-src 'unsafe-inline' github.githubassets.com; worker-src github.com/assets-cdn/worker/ gist.github.com/assets-cdn/worker/","x-github-request-id":"32D3:42C1:61982:6D2FE:6290638B"}
[debug] [2022-05-27T05:37:15.531Z] >>> [apiv2][query] GET https://api.github.com/user [none]
[debug] [2022-05-27T05:37:16.022Z] <<< [apiv2][status] GET https://api.github.com/user 200
[debug] [2022-05-27T05:37:16.022Z] <<< [apiv2][body] GET https://api.github.com/user {"login":"tanvira1993","id":36367958,"node_id":"MDQ6VXNlcjM2MzY3OTU4","avatar_url":"https://avatars.githubusercontent.com/u/36367958?v=4","gravatar_id":"","url":"https://api.github.com/users/tanvira1993","html_url":"https://github.com/tanvira1993","followers_url":"https://api.github.com/users/tanvira1993/followers","following_url":"https://api.github.com/users/tanvira1993/following{/other_user}","gists_url":"https://api.github.com/users/tanvira1993/gists{/gist_id}","starred_url":"https://api.github.com/users/tanvira1993/starred{/owner}{/repo}","subscriptions_url":"https://api.github.com/users/tanvira1993/subscriptions","organizations_url":"https://api.github.com/users/tanvira1993/orgs","repos_url":"https://api.github.com/users/tanvira1993/repos","events_url":"https://api.github.com/users/tanvira1993/events{/privacy}","received_events_url":"https://api.github.com/users/tanvira1993/received_events","type":"User","site_admin":false,"name":null,"company":null,"blog":"","location":null,"email":null,"hireable":null,"bio":null,"twitter_username":null,"public_repos":39,"public_gists":0,"followers":4,"following":8,"created_at":"2018-02-11T12:40:25Z","updated_at":"2022-05-12T03:21:43Z","private_gists":0,"total_private_repos":14,"owned_private_repos":14,"disk_usage":357758,"collaborators":7,"two_factor_authentication":false,"plan":{"name":"free","space":976562499,"collaborators":0,"private_repos":10000}}
[info] 
[info] +  Success! Logged into GitHub as tanvira1993 
[info] 
